number,value,datetime_start,datetime_complete,duration,params_bagging_temperature,params_border_count,params_depth,params_l2_leaf_reg,params_learning_rate,params_max_ctr_complexity,params_min_data_in_leaf,params_random_strength,system_attrs_tpe:relative_params:0,state
0,0.5543966574625179,2026-09-13 01:23:11.097735,2026-09-13 01:24:37.164319,0 days 00:01:26.066584,1.7925861778668761,128,7,2.689685941170981,0.04444148872300041,1,52,2.6788408630429643,,COMPLETE
1,0.542170560771956,2026-09-13 01:24:37.179262,2026-09-13 01:25:58.750392,0 days 00:01:21.571130,1.3525098039602625,254,4,4.729313084378031,0.03299382024872408,2,65,0.8354618479439259,,COMPLETE
2,0.5396928683000666,2026-09-13 01:25:58.764136,2026-09-13 01:27:43.059912,0 days 00:01:44.295776,0.31373547694992654,128,6,2.6230159082059785,0.02017922750526717,2,70,1.3213611530122185,,COMPLETE
3,0.5287313373647693,2026-09-13 01:27:43.074600,2026-09-13 01:29:16.353809,0 days 00:01:33.279209,1.8056682170767961,128,5,24.16307443648891,0.018240751513816537,2,98,2.017151027738441,,COMPLETE
4,0.5595010635342156,2026-09-13 01:29:16.373228,2026-09-13 01:30:59.580924,0 days 00:01:43.207696,0.9378804973983381,254,6,3.420385025966486,0.05867739852097336,1,23,1.219559749128746,,COMPLETE
5,0.5644325208721687,2026-09-13 01:30:59.595391,2026-09-13 01:32:54.709848,0 days 00:01:55.114457,0.41082068920997505,128,6,2.62268388080231,0.10281735163540187,1,28,1.3638662265658403,,COMPLETE
6,0.5460304641084347,2026-09-13 01:32:54.723892,2026-09-13 01:34:54.170359,0 days 00:01:59.446467,1.3783608275098282,128,5,11.100408230414109,0.0370459484108265,1,75,2.073278765567293,,COMPLETE
7,0.554525572647087,2026-09-13 01:34:54.185156,2026-09-13 01:36:09.204976,0 days 00:01:15.019820,1.9432052123471353,128,5,4.544992947917815,0.04716912973032047,1,7,0.7280262665530144,,COMPLETE
8,0.5628057126672197,2026-09-13 01:36:09.219304,2026-09-13 01:37:46.353703,0 days 00:01:37.134399,0.39795205259415667,254,6,7.609300642963074,0.07102618594225507,1,7,0.21768641346670026,,COMPLETE
9,0.5457951584172777,2026-09-13 01:37:46.367459,2026-09-13 01:39:11.015713,0 days 00:01:24.648254,1.4143612016157954,128,4,25.489949950102886,0.04474093998918338,1,69,1.6230590200793136,,COMPLETE
10,0.5489614188285201,2026-09-13 01:39:11.030460,2026-09-13 01:42:21.284141,0 days 00:03:10.253681,0.11143062419148464,128,7,1.2669402082261838,0.029664175489716064,2,5,1.7685731556922701,"{""bagging_temperature"": 0.11143062419148464, ""border_count"": 128, ""depth"": 7, ""l2_leaf_reg"": 1.2669402082261838, ""learning_rate"": 0.029664175489716064, ""max_ctr_complexity"": 2, ""min_data_in_leaf"": 5, ""random_strength"": 1.7685731556922701}",COMPLETE
11,0.563882723449929,2026-09-13 01:42:21.300627,2026-09-13 01:44:45.855996,0 days 00:02:24.555369,0.25874147717901685,128,6,1.7767776022273452,0.13808280942644877,1,27,1.7103043552865487,"{""bagging_temperature"": 0.25874147717901685, ""border_count"": 128, ""depth"": 6, ""l2_leaf_reg"": 1.7767776022273452, ""learning_rate"": 0.13808280942644877, ""max_ctr_complexity"": 1, ""min_data_in_leaf"": 27, ""random_strength"": 1.7103043552865487}",COMPLETE
12,0.5650963876986629,2026-09-13 01:44:45.873655,2026-09-13 01:47:23.318075,0 days 00:02:37.444420,0.574234637269332,128,6,1.7613086742640174,0.11920205733058482,1,16,1.2326328380615517,"{""bagging_temperature"": 0.574234637269332, ""border_count"": 128, ""depth"": 6, ""l2_leaf_reg"": 1.7613086742640174, ""learning_rate"": 0.11920205733058482, ""max_ctr_complexity"": 1, ""min_data_in_leaf"": 16, ""random_strength"": 1.2326328380615517}",COMPLETE
13,0.5634531360416024,2026-09-13 01:47:23.334748,2026-09-13 01:49:26.816270,0 days 00:02:03.481522,0.8309975510518024,128,7,2.7640642986535577,0.128722514400658,1,26,0.4170301988075502,"{""bagging_temperature"": 0.8309975510518024, ""border_count"": 128, ""depth"": 7, ""l2_leaf_reg"": 2.7640642986535577, ""learning_rate"": 0.128722514400658, ""max_ctr_complexity"": 1, ""min_data_in_leaf"": 26, ""random_strength"": 0.4170301988075502}",COMPLETE
14,0.5632678999051479,2026-09-13 01:49:26.830715,2026-09-13 01:50:40.709439,0 days 00:01:13.878724,1.1204414125071827,128,5,1.4456226393776241,0.145336502017552,1,33,1.5549815611750577,"{""bagging_temperature"": 1.1204414125071827, ""border_count"": 128, ""depth"": 5, ""l2_leaf_reg"": 1.4456226393776241, ""learning_rate"": 0.145336502017552, ""max_ctr_complexity"": 1, ""min_data_in_leaf"": 33, ""random_strength"": 1.5549815611750577}",COMPLETE
15,0.5604099138120175,2026-09-13 01:50:40.724345,2026-09-13 01:51:52.842857,0 days 00:01:12.118512,0.5693416367795622,128,5,2.480941354486548,0.08523975048594645,1,41,2.184545181378393,"{""bagging_temperature"": 0.5693416367795622, ""border_count"": 128, ""depth"": 5, ""l2_leaf_reg"": 2.480941354486548, ""learning_rate"": 0.08523975048594645, ""max_ctr_complexity"": 1, ""min_data_in_leaf"": 41, ""random_strength"": 2.184545181378393}",COMPLETE
16,0.561970001381103,2026-09-13 01:51:52.857777,2026-09-13 01:53:18.499421,0 days 00:01:25.641644,0.6048352724026712,128,7,1.485602061138345,0.07346389658841491,1,4,1.7636997490811919,"{""bagging_temperature"": 0.6048352724026712, ""border_count"": 128, ""depth"": 7, ""l2_leaf_reg"": 1.485602061138345, ""learning_rate"": 0.07346389658841491, ""max_ctr_complexity"": 1, ""min_data_in_leaf"": 4, ""random_strength"": 1.7636997490811919}",COMPLETE
17,0.5600972844603269,2026-09-13 01:53:18.514106,2026-09-13 01:54:37.273598,0 days 00:01:18.759492,0.029235034963466133,128,6,2.463812686624705,0.05463902295790339,1,42,0.5152348224066732,"{""bagging_temperature"": 0.029235034963466133, ""border_count"": 128, ""depth"": 6, ""l2_leaf_reg"": 2.463812686624705, ""learning_rate"": 0.05463902295790339, ""max_ctr_complexity"": 1, ""min_data_in_leaf"": 42, ""random_strength"": 0.5152348224066732}",COMPLETE
18,0.560907927936119,2026-09-13 01:54:37.289268,2026-09-13 01:55:56.151586,0 days 00:01:18.862318,0.2077053303546702,128,6,5.271069445381338,0.07068391279860757,1,33,1.3712703950836054,"{""bagging_temperature"": 0.2077053303546702, ""border_count"": 128, ""depth"": 6, ""l2_leaf_reg"": 5.271069445381338, ""learning_rate"": 0.07068391279860757, ""max_ctr_complexity"": 1, ""min_data_in_leaf"": 33, ""random_strength"": 1.3712703950836054}",COMPLETE
19,0.5641196471868198,2026-09-13 01:55:56.166366,2026-09-13 01:57:21.773195,0 days 00:01:25.606829,0.3481949246847359,128,7,1.223919989372561,0.090679672774758,1,24,0.7887435006871168,"{""bagging_temperature"": 0.3481949246847359, ""border_count"": 128, ""depth"": 7, ""l2_leaf_reg"": 1.223919989372561, ""learning_rate"": 0.090679672774758, ""max_ctr_complexity"": 1, ""min_data_in_leaf"": 24, ""random_strength"": 0.7887435006871168}",COMPLETE
20,0.5650516917695306,2026-09-13 01:57:21.788894,2026-09-13 01:58:40.004297,0 days 00:01:18.215403,1.3337111889816624,128,6,2.7980998700246875,0.11451853191398453,1,28,1.6928560886901955,"{""bagging_temperature"": 1.3337111889816624, ""border_count"": 128, ""depth"": 6, ""l2_leaf_reg"": 2.7980998700246875, ""learning_rate"": 0.11451853191398453, ""max_ctr_complexity"": 1, ""min_data_in_leaf"": 28, ""random_strength"": 1.6928560886901955}",COMPLETE
21,0.5642043456057386,2026-09-13 01:58:40.019724,2026-09-13 01:59:58.238994,0 days 00:01:18.219270,1.573658797468641,128,6,3.028885743432979,0.09345940675402141,1,12,1.4933364832511626,"{""bagging_temperature"": 1.573658797468641, ""border_count"": 128, ""depth"": 6, ""l2_leaf_reg"": 3.028885743432979, ""learning_rate"": 0.09345940675402141, ""max_ctr_complexity"": 1, ""min_data_in_leaf"": 12, ""random_strength"": 1.4933364832511626}",COMPLETE
22,0.5630426863819081,2026-09-13 01:59:58.253516,2026-09-13 02:01:16.635727,0 days 00:01:18.382211,0.9131717374761461,128,6,2.319148256231133,0.11100083242168308,1,5,2.011325535893045,"{""bagging_temperature"": 0.9131717374761461, ""border_count"": 128, ""depth"": 6, ""l2_leaf_reg"": 2.319148256231133, ""learning_rate"": 0.11100083242168308, ""max_ctr_complexity"": 1, ""min_data_in_leaf"": 5, ""random_strength"": 2.011325535893045}",COMPLETE
23,0.5631727017807305,2026-09-13 02:01:16.650400,2026-09-13 02:02:28.865420,0 days 00:01:12.215020,0.7557133161894565,128,5,4.350556519014988,0.10586802743148677,1,25,1.0718324158306405,"{""bagging_temperature"": 0.7557133161894565, ""border_count"": 128, ""depth"": 5, ""l2_leaf_reg"": 4.350556519014988, ""learning_rate"": 0.10586802743148677, ""max_ctr_complexity"": 1, ""min_data_in_leaf"": 25, ""random_strength"": 1.0718324158306405}",COMPLETE
24,0.5648467820961139,2026-09-13 02:02:28.880668,2026-09-13 02:03:47.263006,0 days 00:01:18.382338,0.2882325964468694,128,6,2.606652098244358,0.14298711742287873,1,18,0.676002513578576,"{""bagging_temperature"": 0.2882325964468694, ""border_count"": 128, ""depth"": 6, ""l2_leaf_reg"": 2.606652098244358, ""learning_rate"": 0.14298711742287873, ""max_ctr_complexity"": 1, ""min_data_in_leaf"": 18, ""random_strength"": 0.676002513578576}",COMPLETE
25,0.5634456667583313,2026-09-13 02:03:47.289228,2026-09-13 02:05:13.244738,0 days 00:01:25.955510,0.26184214026487423,128,7,1.9731043368656858,0.12085115288381722,1,41,0.5876404604448352,"{""bagging_temperature"": 0.26184214026487423, ""border_count"": 128, ""depth"": 7, ""l2_leaf_reg"": 1.9731043368656858, ""learning_rate"": 0.12085115288381722, ""max_ctr_complexity"": 1, ""min_data_in_leaf"": 41, ""random_strength"": 0.5876404604448352}",COMPLETE
26,0.5611203054142708,2026-09-13 02:05:13.260667,2026-09-13 02:06:39.186398,0 days 00:01:25.925731,0.37810751807010806,128,7,1.5431446213423687,0.13509673812113882,1,15,1.1035411802826312,"{""bagging_temperature"": 0.37810751807010806, ""border_count"": 128, ""depth"": 7, ""l2_leaf_reg"": 1.5431446213423687, ""learning_rate"": 0.13509673812113882, ""max_ctr_complexity"": 1, ""min_data_in_leaf"": 15, ""random_strength"": 1.1035411802826312}",COMPLETE
27,0.5641090533758945,2026-09-13 02:06:39.201795,2026-09-13 02:07:51.687358,0 days 00:01:12.485563,0.8160804301483293,128,5,2.1560876386673034,0.1391419478422296,1,7,0.5487085489683579,"{""bagging_temperature"": 0.8160804301483293, ""border_count"": 128, ""depth"": 5, ""l2_leaf_reg"": 2.1560876386673034, ""learning_rate"": 0.1391419478422296, ""max_ctr_complexity"": 1, ""min_data_in_leaf"": 7, ""random_strength"": 0.5487085489683579}",COMPLETE
28,0.5646860113267033,2026-09-13 02:07:51.703073,2026-09-13 02:09:10.287880,0 days 00:01:18.584807,0.2246988361356237,128,6,6.141376175703859,0.14125354914953334,1,27,0.9655387941483264,"{""bagging_temperature"": 0.2246988361356237, ""border_count"": 128, ""depth"": 6, ""l2_leaf_reg"": 6.141376175703859, ""learning_rate"": 0.14125354914953334, ""max_ctr_complexity"": 1, ""min_data_in_leaf"": 27, ""random_strength"": 0.9655387941483264}",COMPLETE
29,0.5655673550498327,2026-09-13 02:09:10.303953,2026-09-13 02:10:22.339245,0 days 00:01:12.035292,0.3034024766799535,128,5,1.3825281617291671,0.1494147091443782,1,15,0.3425866635170344,"{""bagging_temperature"": 0.3034024766799535, ""border_count"": 128, ""depth"": 5, ""l2_leaf_reg"": 1.3825281617291671, ""learning_rate"": 0.1494147091443782, ""max_ctr_complexity"": 1, ""min_data_in_leaf"": 15, ""random_strength"": 0.3425866635170344}",COMPLETE
30,0.5644263435359081,2026-09-13 02:10:22.355348,2026-09-13 02:11:34.798259,0 days 00:01:12.442911,0.24099419256605573,128,5,2.0145187482103535,0.14931031962430064,1,24,0.38828935258491426,"{""bagging_temperature"": 0.24099419256605573, ""border_count"": 128, ""depth"": 5, ""l2_leaf_reg"": 2.0145187482103535, ""learning_rate"": 0.14931031962430064, ""max_ctr_complexity"": 1, ""min_data_in_leaf"": 24, ""random_strength"": 0.38828935258491426}",COMPLETE
31,0.5619207056341197,2026-09-13 02:11:34.813875,2026-09-13 02:12:40.720070,0 days 00:01:05.906195,0.6470985348956797,128,4,1.5728551919218614,0.10757300742060458,1,12,0.33058286133906234,"{""bagging_temperature"": 0.6470985348956797, ""border_count"": 128, ""depth"": 4, ""l2_leaf_reg"": 1.5728551919218614, ""learning_rate"": 0.10757300742060458, ""max_ctr_complexity"": 1, ""min_data_in_leaf"": 12, ""random_strength"": 0.33058286133906234}",COMPLETE
32,0.5645588655372029,2026-09-13 02:12:40.736251,2026-09-13 02:13:52.720018,0 days 00:01:11.983767,0.13126649176462896,128,5,1.529991352049883,0.13691394652480277,1,22,0.9962947948346879,"{""bagging_temperature"": 0.13126649176462896, ""border_count"": 128, ""depth"": 5, ""l2_leaf_reg"": 1.529991352049883, ""learning_rate"": 0.13691394652480277, ""max_ctr_complexity"": 1, ""min_data_in_leaf"": 22, ""random_strength"": 0.9962947948346879}",COMPLETE
33,0.5657114057916934,2026-09-13 02:13:52.735940,2026-09-13 02:15:10.973550,0 days 00:01:18.237610,0.22900578502234903,128,6,1.0835058221096456,0.1305218430778993,1,15,0.497884328094919,"{""bagging_temperature"": 0.22900578502234903, ""border_count"": 128, ""depth"": 6, ""l2_leaf_reg"": 1.0835058221096456, ""learning_rate"": 0.1305218430778993, ""max_ctr_complexity"": 1, ""min_data_in_leaf"": 15, ""random_strength"": 0.497884328094919}",COMPLETE
34,0.564984375691945,2026-09-13 02:15:10.989561,2026-09-13 02:16:30.255324,0 days 00:01:19.265763,0.006095783677532662,128,6,1.3782393188272009,0.10546942454381218,1,8,0.4522215458346693,"{""bagging_temperature"": 0.006095783677532662, ""border_count"": 128, ""depth"": 6, ""l2_leaf_reg"": 1.3782393188272009, ""learning_rate"": 0.10546942454381218, ""max_ctr_complexity"": 1, ""min_data_in_leaf"": 8, ""random_strength"": 0.4522215458346693}",COMPLETE
35,0.5651293745035436,2026-09-13 02:16:30.271398,2026-09-13 02:17:49.140650,0 days 00:01:18.869252,0.2896851357611783,128,6,1.292777050459276,0.1243752943257961,1,7,0.7956998497459928,"{""bagging_temperature"": 0.2896851357611783, ""border_count"": 128, ""depth"": 6, ""l2_leaf_reg"": 1.292777050459276, ""learning_rate"": 0.1243752943257961, ""max_ctr_complexity"": 1, ""min_data_in_leaf"": 7, ""random_strength"": 0.7956998497459928}",COMPLETE
36,0.5645561567119876,2026-09-13 02:17:49.156548,2026-09-13 02:19:08.127171,0 days 00:01:18.970623,0.2600402154548284,128,6,1.4152128199584209,0.13718078541658435,1,33,0.5957555243366728,"{""bagging_temperature"": 0.2600402154548284, ""border_count"": 128, ""depth"": 6, ""l2_leaf_reg"": 1.4152128199584209, ""learning_rate"": 0.13718078541658435, ""max_ctr_complexity"": 1, ""min_data_in_leaf"": 33, ""random_strength"": 0.5957555243366728}",COMPLETE
37,0.5620309132549007,2026-09-13 02:19:08.143827,2026-09-13 02:20:20.369735,0 days 00:01:12.225908,0.3480018106898696,128,5,2.1078861362439403,0.09140934350265599,1,2,0.918865707926223,"{""bagging_temperature"": 0.3480018106898696, ""border_count"": 128, ""depth"": 5, ""l2_leaf_reg"": 2.1078861362439403, ""learning_rate"": 0.09140934350265599, ""max_ctr_complexity"": 1, ""min_data_in_leaf"": 2, ""random_strength"": 0.918865707926223}",COMPLETE
38,0.5635580025830021,2026-09-13 02:20:20.385493,2026-09-13 02:21:39.272901,0 days 00:01:18.887408,0.23442617580440903,128,6,1.0478809906836006,0.14934470594030044,1,8,0.3150019304458965,"{""bagging_temperature"": 0.23442617580440903, ""border_count"": 128, ""depth"": 6, ""l2_leaf_reg"": 1.0478809906836006, ""learning_rate"": 0.14934470594030044, ""max_ctr_complexity"": 1, ""min_data_in_leaf"": 8, ""random_strength"": 0.3150019304458965}",COMPLETE
39,0.5657703613703496,2026-09-13 02:21:39.289037,2026-09-13 02:22:58.164819,0 days 00:01:18.875782,0.21960961867612427,128,6,2.1872290594516843,0.1265222083528331,1,21,0.10863382108976907,"{""bagging_temperature"": 0.21960961867612427, ""border_count"": 128, ""depth"": 6, ""l2_leaf_reg"": 2.1872290594516843, ""learning_rate"": 0.1265222083528331, ""max_ctr_complexity"": 1, ""min_data_in_leaf"": 21, ""random_strength"": 0.10863382108976907}",COMPLETE
